<?xml version="1.0" encoding="UTF-8"?>
<testng-results ignored="0" total="1" passed="1" failed="0" skipped="0">
  <reporter-output>
  </reporter-output>
  <suite started-at="2022-05-24T19:54:11 CDT" name="Default suite" finished-at="2022-05-24T19:54:32 CDT" duration-ms="20943">
    <groups>
    </groups>
    <test started-at="2022-05-24T19:54:11 CDT" name="Default test" finished-at="2022-05-24T19:54:32 CDT" duration-ms="20943">
      <class name="DigiBoxxTestNG.DigiBoxxTestNG.LoginTest">
        <test-method signature="setUp(java.lang.String,java.lang.String,java.lang.String,java.lang.String)[pri:0, instance:DigiBoxxTestNG.DigiBoxxTestNG.LoginTest@5ba3f27a]" started-at="2022-05-24T19:54:11 CDT" name="setUp" finished-at="2022-05-24T19:54:32 CDT" duration-ms="20828" status="PASS">
          <params>
            <param index="0">
              <value>
                <![CDATA[ https://apptest.digiboxx.com/login]]>
              </value>
            </param>
            <param index="1">
              <value>
                <![CDATA[intern3]]>
              </value>
            </param>
            <param index="2">
              <value>
                <![CDATA[testing2510932@gmail.com]]>
              </value>
            </param>
            <param index="3">
              <value>
                <![CDATA[Gaurav@123]]>
              </value>
            </param>
          </params>
          <reporter-output>
          </reporter-output>
        </test-method> <!-- setUp -->
      </class> <!-- DigiBoxxTestNG.DigiBoxxTestNG.LoginTest -->
    </test> <!-- Default test -->
  </suite> <!-- Default suite -->
</testng-results>
